Línea 14: la clase MSAdodcLib.Adodc del control Adodc1 no era una clase de control cargada.
Línea 123: la clase MSAdodcLib.Adodc del control DB_Modelo no era una clase de control cargada.
Línea 19: el nombre de la propiedad _ExtentX de Adodc1 no es válido.
Línea 20: el nombre de la propiedad _ExtentY de Adodc1 no es válido.
Línea 21: el nombre de la propiedad ConnectMode de Adodc1 no es válido.
Línea 22: el nombre de la propiedad CursorLocation de Adodc1 no es válido.
Línea 23: el nombre de la propiedad IsolationLevel de Adodc1 no es válido.
Línea 24: el nombre de la propiedad ConnectionTimeout de Adodc1 no es válido.
Línea 25: el nombre de la propiedad CommandTimeout de Adodc1 no es válido.
Línea 26: el nombre de la propiedad CursorType de Adodc1 no es válido.
Línea 27: el nombre de la propiedad LockType de Adodc1 no es válido.
Línea 28: el nombre de la propiedad CommandType de Adodc1 no es válido.
Línea 29: el nombre de la propiedad CursorOptions de Adodc1 no es válido.
Línea 30: el nombre de la propiedad CacheSize de Adodc1 no es válido.
Línea 31: el nombre de la propiedad MaxRecords de Adodc1 no es válido.
Línea 32: el nombre de la propiedad BOFAction de Adodc1 no es válido.
Línea 33: el nombre de la propiedad EOFAction de Adodc1 no es válido.
Línea 34: el nombre de la propiedad ConnectStringType de Adodc1 no es válido.
Línea 38: el nombre de la propiedad Orientation de Adodc1 no es válido.
Línea 40: el nombre de la propiedad Connect de Adodc1 no es válido.
Línea 41: el nombre de la propiedad OLEDBString de Adodc1 no es válido.
Línea 42: el nombre de la propiedad OLEDBFile de Adodc1 no es válido.
Línea 43: el nombre de la propiedad DataSourceName de Adodc1 no es válido.
Línea 44: el nombre de la propiedad OtherAttributes de Adodc1 no es válido.
Línea 45: el nombre de la propiedad UserName de Adodc1 no es válido.
Línea 46: el nombre de la propiedad Password de Adodc1 no es válido.
Línea 47: el nombre de la propiedad RecordSource de Adodc1 no es válido.
Línea 48: el nombre de la propiedad Caption de Adodc1 no es válido.
Línea 58: el nombre de la propiedad _Version de Adodc1 no es válido.
Línea 128: el nombre de la propiedad _ExtentX de DB_Modelo no es válido.
Línea 129: el nombre de la propiedad _ExtentY de DB_Modelo no es válido.
Línea 130: el nombre de la propiedad ConnectMode de DB_Modelo no es válido.
Línea 131: el nombre de la propiedad CursorLocation de DB_Modelo no es válido.
Línea 132: el nombre de la propiedad IsolationLevel de DB_Modelo no es válido.
Línea 133: el nombre de la propiedad ConnectionTimeout de DB_Modelo no es válido.
Línea 134: el nombre de la propiedad CommandTimeout de DB_Modelo no es válido.
Línea 135: el nombre de la propiedad CursorType de DB_Modelo no es válido.
Línea 136: el nombre de la propiedad LockType de DB_Modelo no es válido.
Línea 137: el nombre de la propiedad CommandType de DB_Modelo no es válido.
Línea 138: el nombre de la propiedad CursorOptions de DB_Modelo no es válido.
Línea 139: el nombre de la propiedad CacheSize de DB_Modelo no es válido.
Línea 140: el nombre de la propiedad MaxRecords de DB_Modelo no es válido.
Línea 141: el nombre de la propiedad BOFAction de DB_Modelo no es válido.
Línea 142: el nombre de la propiedad EOFAction de DB_Modelo no es válido.
Línea 143: el nombre de la propiedad ConnectStringType de DB_Modelo no es válido.
Línea 147: el nombre de la propiedad Orientation de DB_Modelo no es válido.
Línea 149: el nombre de la propiedad Connect de DB_Modelo no es válido.
Línea 150: el nombre de la propiedad OLEDBString de DB_Modelo no es válido.
Línea 151: el nombre de la propiedad OLEDBFile de DB_Modelo no es válido.
Línea 152: el nombre de la propiedad DataSourceName de DB_Modelo no es válido.
Línea 153: el nombre de la propiedad OtherAttributes de DB_Modelo no es válido.
Línea 154: el nombre de la propiedad UserName de DB_Modelo no es válido.
Línea 155: el nombre de la propiedad Password de DB_Modelo no es válido.
Línea 156: el nombre de la propiedad RecordSource de DB_Modelo no es válido.
Línea 157: el nombre de la propiedad Caption de DB_Modelo no es válido.
Línea 167: el nombre de la propiedad _Version de DB_Modelo no es válido.
