Línea 14: la clase MSAdodcLib.Adodc del control DB_Modelo no era una clase de control cargada.
Línea 20: el nombre de la propiedad _ExtentX de DB_Modelo no es válido.
Línea 21: el nombre de la propiedad _ExtentY de DB_Modelo no es válido.
Línea 22: el nombre de la propiedad ConnectMode de DB_Modelo no es válido.
Línea 23: el nombre de la propiedad CursorLocation de DB_Modelo no es válido.
Línea 24: el nombre de la propiedad IsolationLevel de DB_Modelo no es válido.
Línea 25: el nombre de la propiedad ConnectionTimeout de DB_Modelo no es válido.
Línea 26: el nombre de la propiedad CommandTimeout de DB_Modelo no es válido.
Línea 27: el nombre de la propiedad CursorType de DB_Modelo no es válido.
Línea 28: el nombre de la propiedad LockType de DB_Modelo no es válido.
Línea 29: el nombre de la propiedad CommandType de DB_Modelo no es válido.
Línea 30: el nombre de la propiedad CursorOptions de DB_Modelo no es válido.
Línea 31: el nombre de la propiedad CacheSize de DB_Modelo no es válido.
Línea 32: el nombre de la propiedad MaxRecords de DB_Modelo no es válido.
Línea 33: el nombre de la propiedad BOFAction de DB_Modelo no es válido.
Línea 34: el nombre de la propiedad EOFAction de DB_Modelo no es válido.
Línea 35: el nombre de la propiedad ConnectStringType de DB_Modelo no es válido.
Línea 39: el nombre de la propiedad Orientation de DB_Modelo no es válido.
Línea 41: el nombre de la propiedad Connect de DB_Modelo no es válido.
Línea 42: el nombre de la propiedad OLEDBString de DB_Modelo no es válido.
Línea 43: el nombre de la propiedad OLEDBFile de DB_Modelo no es válido.
Línea 44: el nombre de la propiedad DataSourceName de DB_Modelo no es válido.
Línea 45: el nombre de la propiedad OtherAttributes de DB_Modelo no es válido.
Línea 46: el nombre de la propiedad UserName de DB_Modelo no es válido.
Línea 47: el nombre de la propiedad Password de DB_Modelo no es válido.
Línea 48: el nombre de la propiedad RecordSource de DB_Modelo no es válido.
Línea 49: el nombre de la propiedad Caption de DB_Modelo no es válido.
Línea 59: el nombre de la propiedad _Version de DB_Modelo no es válido.
